<html>
<head>
<title>TestNG:  Default test</title>
<link href="../testng.css" rel="stylesheet" type="text/css" />
<link href="../my-testng.css" rel="stylesheet" type="text/css" />

<style type="text/css">
.log { display: none;} 
.stack-trace { display: none;} 
</style>
<script type="text/javascript">
<!--
function flip(e) {
  current = e.style.display;
  if (current == 'block') {
    e.style.display = 'none';
    return 0;
  }
  else {
    e.style.display = 'block';
    return 1;
  }
}

function toggleBox(szDivId, elem, msg1, msg2)
{
  var res = -1;  if (document.getElementById) {
    res = flip(document.getElementById(szDivId));
  }
  else if (document.all) {
    // this is the way old msie versions work
    res = flip(document.all[szDivId]);
  }
  if(elem) {
    if(res == 0) elem.innerHTML = msg1; else elem.innerHTML = msg2;
  }

}

function toggleAllBoxes() {
  if (document.getElementsByTagName) {
    d = document.getElementsByTagName('div');
    for (i = 0; i < d.length; i++) {
      if (d[i].className == 'log') {
        flip(d[i]);
      }
    }
  }
}

// -->
</script>

</head>
<body>
<h2 align='center'>Default test</h2><table border='1' align="center">
<tr>
<td>Tests passed/Failed/Skipped:</td><td>0/0/6</td>
</tr><tr>
<td>Started on:</td><td>Wed Feb 17 23:47:46 GST 2016</td>
</tr>
<tr><td>Total time:</td><td>0 seconds (22 ms)</td>
</tr><tr>
<td>Included groups:</td><td></td>
</tr><tr>
<td>Excluded groups:</td><td></td>
</tr>
</table><p/>
<small><i>(Hover the method name to see the test class name)</i></small><p/>
<table width='100%' border='1' class='invocation-failed'>
<tr><td colspan='4' align='center'><b>FAILED CONFIGURATIONS</b></td></tr>
<tr><td><b>Test method</b></td>
<td width="30%"><b>Exception</b></td>
<td width="10%"><b>Time (seconds)</b></td>
<td><b>Instance</b></td>
</tr>
<tr>
<td title='org.apache.atlas.seleniumtests.PaginationTest.setup()'><b>setup</b><br>Test class: org.apache.atlas.seleniumtests.PaginationTest<br>Test method: Test setup<br>Parameters: [Test: "Default test" verbose:2[parameters:][metagroups:] [included: ][excluded: ]  classes:[XmlClass class=org.apache.atlas.seleniumtests.PaginationTest]  packages:] </td>
<td><div><pre>java.lang.NumberFormatException: null
	at java.lang.Integer.parseInt(Unknown Source)
	at java.lang.Integer.parseInt(Unknown Source)
	at org.apache.atlas.objectwrapper.WebDriverWrapper.appConfig(WebDriverWrapper.java:65)
	at org.apache.atlas.objectwrapper.WebDriverWrapper.setupConfig(WebDriverWrapper.java:101)
	at org.apache.atlas.seleniumtests.PaginationTest.setup(PaginationTest.java:26)
	at sun.reflect.NativeMethodAccessorImpl.invoke0(Native Method)
	at sun.reflect.NativeMethodAccessorImpl.invoke(Unknown Source)
	at sun.reflect.DelegatingMethodAccessorImpl.invoke(Unknown Source)
	at java.lang.reflect.Method.invoke(Unknown Source)
	at org.testng.internal.MethodInvocationHelper.invokeMethod(MethodInvocationHelper.java:85)
	at org.testng.internal.Invoker.invokeConfigurationMethod(Invoker.java:510)
	at org.testng.internal.Invoker.invokeConfigurations(Invoker.java:211)
	at org.testng.internal.Invoker.invokeConfigurations(Invoker.java:138)
	at org.testng.SuiteRunner.privateRun(SuiteRunner.java:298)
	at org.testng.SuiteRunner.run(SuiteRunner.java:261)
	at org.testng.SuiteRunnerWorker.runSuite(SuiteRunnerWorker.java:52)
	at org.testng.SuiteRunnerWorker.run(SuiteRunnerWorker.java:86)
	at org.testng.TestNG.runSuitesSequentially(TestNG.java:1215)
	at org.testng.TestNG.runSuitesLocally(TestNG.java:1140)
	at org.testng.TestNG.run(TestNG.java:1048)
	at org.testng.remote.RemoteTestNG.run(RemoteTestNG.java:112)
	at org.testng.remote.RemoteTestNG.initAndRun(RemoteTestNG.java:205)
	at org.testng.remote.RemoteTestNG.main(RemoteTestNG.java:176)
</pre></div><a href='#' onClick='toggleBox("stack-trace443532592", this, "Click to show all stack frames", "Click to hide stack frames")'>Click to show all stack frames</a>
<div class='stack-trace' id='stack-trace443532592'><pre>java.lang.NumberFormatException: null
	at java.lang.Integer.parseInt(Unknown Source)
	at java.lang.Integer.parseInt(Unknown Source)
	at org.apache.atlas.objectwrapper.WebDriverWrapper.appConfig(WebDriverWrapper.java:65)
	at org.apache.atlas.objectwrapper.WebDriverWrapper.setupConfig(WebDriverWrapper.java:101)
	at org.apache.atlas.seleniumtests.PaginationTest.setup(PaginationTest.java:26)
	at sun.reflect.NativeMethodAccessorImpl.invoke0(Native Method)
	at sun.reflect.NativeMethodAccessorImpl.invoke(Unknown Source)
	at sun.reflect.DelegatingMethodAccessorImpl.invoke(Unknown Source)
	at java.lang.reflect.Method.invoke(Unknown Source)
	at org.testng.internal.MethodInvocationHelper.invokeMethod(MethodInvocationHelper.java:85)
	at org.testng.internal.Invoker.invokeConfigurationMethod(Invoker.java:510)
	at org.testng.internal.Invoker.invokeConfigurations(Invoker.java:211)
	at org.testng.internal.Invoker.invokeConfigurations(Invoker.java:138)
	at org.testng.SuiteRunner.privateRun(SuiteRunner.java:298)
	at org.testng.SuiteRunner.run(SuiteRunner.java:261)
	at org.testng.SuiteRunnerWorker.runSuite(SuiteRunnerWorker.java:52)
	at org.testng.SuiteRunnerWorker.run(SuiteRunnerWorker.java:86)
	at org.testng.TestNG.runSuitesSequentially(TestNG.java:1215)
	at org.testng.TestNG.runSuitesLocally(TestNG.java:1140)
	at org.testng.TestNG.run(TestNG.java:1048)
	at org.testng.remote.RemoteTestNG.run(RemoteTestNG.java:112)
	at org.testng.remote.RemoteTestNG.initAndRun(RemoteTestNG.java:205)
	at org.testng.remote.RemoteTestNG.main(RemoteTestNG.java:176)
</pre></div></td>
<td>0</td>
<td>null</td></tr>
</table><p>
<table width='100%' border='1' class='invocation-skipped'>
<tr><td colspan='4' align='center'><b>SKIPPED CONFIGURATIONS</b></td></tr>
<tr><td><b>Test method</b></td>
<td width="30%"><b>Exception</b></td>
<td width="10%"><b>Time (seconds)</b></td>
<td><b>Instance</b></td>
</tr>
<tr>
<td title='org.apache.atlas.seleniumtests.PaginationTest.loadPaginationTest()'><b>loadPaginationTest</b><br>Test class: org.apache.atlas.seleniumtests.PaginationTest<br>Test method: Pagination Test Setup</td>
<td></td>
<td>0</td>
<td>org.apache.atlas.seleniumtests.PaginationTest@261b66ea</td></tr>
</table><p>
<table width='100%' border='1' class='invocation-skipped'>
<tr><td colspan='4' align='center'><b>SKIPPED TESTS</b></td></tr>
<tr><td><b>Test method</b></td>
<td width="30%"><b>Exception</b></td>
<td width="10%"><b>Time (seconds)</b></td>
<td><b>Instance</b></td>
</tr>
<tr>
<td title='org.apache.atlas.seleniumtests.PaginationTest.MiddlePageOfPaginationVarification()'><b>MiddlePageOfPaginationVarification</b><br>Test class: org.apache.atlas.seleniumtests.PaginationTest</td>
<td></td>
<td>0</td>
<td>org.apache.atlas.seleniumtests.PaginationTest@261b66ea</td></tr>
<tr>
<td title='org.apache.atlas.seleniumtests.PaginationTest.Validate_FirstPagePagination()'><b>Validate_FirstPagePagination</b><br>Test class: org.apache.atlas.seleniumtests.PaginationTest</td>
<td></td>
<td>0</td>
<td>org.apache.atlas.seleniumtests.PaginationTest@261b66ea</td></tr>
<tr>
<td title='org.apache.atlas.seleniumtests.PaginationTest.Validate_LastPagePagination()'><b>Validate_LastPagePagination</b><br>Test class: org.apache.atlas.seleniumtests.PaginationTest</td>
<td></td>
<td>0</td>
<td>org.apache.atlas.seleniumtests.PaginationTest@261b66ea</td></tr>
<tr>
<td title='org.apache.atlas.seleniumtests.PaginationTest.Validate_NeumericboxAtBottom()'><b>Validate_NeumericboxAtBottom</b><br>Test class: org.apache.atlas.seleniumtests.PaginationTest</td>
<td></td>
<td>0</td>
<td>org.apache.atlas.seleniumtests.PaginationTest@261b66ea</td></tr>
<tr>
<td title='org.apache.atlas.seleniumtests.PaginationTest.Validate_NumberOfRows()'><b>Validate_NumberOfRows</b><br>Test class: org.apache.atlas.seleniumtests.PaginationTest</td>
<td></td>
<td>0</td>
<td>org.apache.atlas.seleniumtests.PaginationTest@261b66ea</td></tr>
<tr>
<td title='org.apache.atlas.seleniumtests.PaginationTest.Validate_NumberOfRowsPerPage()'><b>Validate_NumberOfRowsPerPage</b><br>Test class: org.apache.atlas.seleniumtests.PaginationTest</td>
<td></td>
<td>0</td>
<td>org.apache.atlas.seleniumtests.PaginationTest@261b66ea</td></tr>
</table><p>
</body>
</html>