<?xml version="1.0" encoding="UTF-8"?>
<!-- Generated by org.testng.reporters.JUnitXMLReporter -->
<testsuite hostname="Deepak-PC" name="Default test" tests="6" failures="0" timestamp="17 Feb 2016 19:47:46 GMT" time="0.022" errors="0">
  <testcase name="@BeforeSuite setup" time="0.0" classname="org.apache.atlas.seleniumtests.PaginationTest">
    <failure type="java.lang.NumberFormatException" message="null">
      <![CDATA[java.lang.NumberFormatException: null
	at java.lang.Integer.parseInt(Unknown Source)
	at java.lang.Integer.parseInt(Unknown Source)
	at org.apache.atlas.objectwrapper.WebDriverWrapper.appConfig(WebDriverWrapper.java:65)
	at org.apache.atlas.objectwrapper.WebDriverWrapper.setupConfig(WebDriverWrapper.java:101)
	at org.apache.atlas.seleniumtests.PaginationTest.setup(PaginationTest.java:26)
	at sun.reflect.NativeMethodAccessorImpl.invoke0(Native Method)
	at sun.reflect.NativeMethodAccessorImpl.invoke(Unknown Source)
	at sun.reflect.DelegatingMethodAccessorImpl.invoke(Unknown Source)
	at java.lang.reflect.Method.invoke(Unknown Source)
	at org.testng.internal.MethodInvocationHelper.invokeMethod(MethodInvocationHelper.java:85)
	at org.testng.internal.Invoker.invokeConfigurationMethod(Invoker.java:510)
	at org.testng.internal.Invoker.invokeConfigurations(Invoker.java:211)
	at org.testng.internal.Invoker.invokeConfigurations(Invoker.java:138)
	at org.testng.SuiteRunner.privateRun(SuiteRunner.java:298)
	at org.testng.SuiteRunner.run(SuiteRunner.java:261)
	at org.testng.SuiteRunnerWorker.runSuite(SuiteRunnerWorker.java:52)
	at org.testng.SuiteRunnerWorker.run(SuiteRunnerWorker.java:86)
	at org.testng.TestNG.runSuitesSequentially(TestNG.java:1215)
	at org.testng.TestNG.runSuitesLocally(TestNG.java:1140)
	at org.testng.TestNG.run(TestNG.java:1048)
	at org.testng.remote.RemoteTestNG.run(RemoteTestNG.java:112)
	at org.testng.remote.RemoteTestNG.initAndRun(RemoteTestNG.java:205)
	at org.testng.remote.RemoteTestNG.main(RemoteTestNG.java:176)
]]>
    </failure>
  </testcase> <!-- @BeforeSuite setup -->
  <testcase name="@BeforeClass loadPaginationTest" time="0.0" classname="org.apache.atlas.seleniumtests.PaginationTest">
    <skipped/>
  </testcase> <!-- @BeforeClass loadPaginationTest -->
  <testcase name="Validate_NumberOfRows" time="0.001" classname="org.apache.atlas.seleniumtests.PaginationTest">
    <skipped/>
  </testcase> <!-- Validate_NumberOfRows -->
  <testcase name="Validate_NeumericboxAtBottom" time="0.0" classname="org.apache.atlas.seleniumtests.PaginationTest">
    <skipped/>
  </testcase> <!-- Validate_NeumericboxAtBottom -->
  <testcase name="Validate_FirstPagePagination" time="0.0" classname="org.apache.atlas.seleniumtests.PaginationTest">
    <skipped/>
  </testcase> <!-- Validate_FirstPagePagination -->
  <testcase name="Validate_LastPagePagination" time="0.001" classname="org.apache.atlas.seleniumtests.PaginationTest">
    <skipped/>
  </testcase> <!-- Validate_LastPagePagination -->
  <testcase name="MiddlePageOfPaginationVarification" time="0.0" classname="org.apache.atlas.seleniumtests.PaginationTest">
    <skipped/>
  </testcase> <!-- MiddlePageOfPaginationVarification -->
  <testcase name="Validate_NumberOfRowsPerPage" time="0.0" classname="org.apache.atlas.seleniumtests.PaginationTest">
    <skipped/>
  </testcase> <!-- Validate_NumberOfRowsPerPage -->
</testsuite> <!-- Default test -->
